2025-03-18 10:12:12.846 [info] read schema from vscode: vscode://schemas/settings/machine
2025-03-18 10:12:12.850 [info] cancelled
2025-03-18 10:12:13.108 [info] read schema from vscode: vscode://schemas/settings/resourceLanguage
2025-03-18 10:12:13.143 [info] read schema from vscode: vscode://schemas/launch
2025-03-18 10:12:13.152 [info] read schema from vscode: vscode://schemas/token-styling
2025-03-18 10:12:13.155 [info] read schema from vscode: vscode://schemas/textmate-colors
2025-03-18 10:12:13.159 [info] read schema from vscode: vscode://schemas/workbench-colors
2025-03-18 10:12:13.769 [info] schema change detected vscode://schemas/settings/machine
2025-03-18 10:12:13.778 [info] read schema from vscode: vscode://schemas/settings/machine
2025-03-18 10:12:19.459 [info] schema change detected vscode://schemas/launch
2025-03-18 10:12:19.464 [info] read schema from vscode: vscode://schemas/settings/machine
2025-03-18 10:12:19.547 [info] read schema from vscode: vscode://schemas/launch
2025-03-18 10:12:32.223 [info] schema change detected vscode://schemas/settings/machine
2025-03-18 10:12:32.229 [info] read schema from vscode: vscode://schemas/settings/machine
2025-03-18 10:12:34.177 [info] schema change detected vscode://schemas/settings/machine
2025-03-18 10:12:34.180 [info] read schema from vscode: vscode://schemas/settings/machine
2025-03-18 10:12:41.824 [info] schema change detected vscode://schemas/settings/machine
2025-03-18 10:12:41.828 [info] read schema from vscode: vscode://schemas/settings/machine
2025-03-18 10:12:47.198 [info] schema change detected vscode://schemas/settings/machine
2025-03-18 10:12:47.202 [info] read schema from vscode: vscode://schemas/settings/machine
