2025-03-19 08:36:10.463 [info] [main] Log level: Info
2025-03-19 08:36:10.464 [info] [main] Validating found git in: "git"
2025-03-19 08:36:10.464 [info] [main] Using git "2.43.0" from "git"
2025-03-19 08:36:10.464 [info] [Model][doInitialScan] Initial repository scan started
2025-03-19 08:36:10.464 [info] > git rev-parse --show-toplevel [31ms]
2025-03-19 08:36:10.464 [info] fatal: not a git repository (or any of the parent directories): .git
2025-03-19 08:36:10.464 [info] > git rev-parse --show-toplevel [386ms]
2025-03-19 08:36:10.464 [info] fatal: not a git repository (or any of the parent directories): .git
2025-03-19 08:36:10.493 [info] > git rev-parse --show-toplevel [6ms]
2025-03-19 08:36:10.493 [info] fatal: not a git repository (or any of the parent directories): .git
2025-03-19 08:36:10.535 [info] > git rev-parse --show-toplevel [9ms]
2025-03-19 08:36:10.536 [info] fatal: not a git repository (or any of the parent directories): .git
2025-03-19 08:36:10.567 [info] > git rev-parse --show-toplevel [4ms]
2025-03-19 08:36:10.577 [info] fatal: not a git repository (or any of the parent directories): .git
2025-03-19 08:36:10.592 [info] > git rev-parse --show-toplevel [4ms]
2025-03-19 08:36:10.592 [info] fatal: not a git repository (or any of the parent directories): .git
2025-03-19 08:36:10.613 [info] > git rev-parse --show-toplevel [4ms]
2025-03-19 08:36:10.613 [info] fatal: not a git repository (or any of the parent directories): .git
2025-03-19 08:36:10.638 [info] > git rev-parse --show-toplevel [4ms]
2025-03-19 08:36:10.638 [info] fatal: not a git repository (or any of the parent directories): .git
2025-03-19 08:36:10.669 [info] > git rev-parse --show-toplevel [7ms]
2025-03-19 08:36:10.670 [info] fatal: not a git repository (or any of the parent directories): .git
2025-03-19 08:36:10.737 [info] > git rev-parse --show-toplevel [3ms]
2025-03-19 08:36:10.737 [info] fatal: not a git repository (or any of the parent directories): .git
2025-03-19 08:36:10.767 [info] > git rev-parse --show-toplevel [5ms]
2025-03-19 08:36:10.768 [info] fatal: not a git repository (or any of the parent directories): .git
2025-03-19 08:36:10.786 [info] > git rev-parse --show-toplevel [10ms]
2025-03-19 08:36:10.786 [info] fatal: not a git repository (or any of the parent directories): .git
2025-03-19 08:36:10.808 [info] > git rev-parse --show-toplevel [4ms]
2025-03-19 08:36:10.808 [info] fatal: not a git repository (or any of the parent directories): .git
2025-03-19 08:36:10.831 [info] > git rev-parse --show-toplevel [11ms]
2025-03-19 08:36:10.831 [info] fatal: not a git repository (or any of the parent directories): .git
2025-03-19 08:36:10.848 [info] > git rev-parse --show-toplevel [2ms]
2025-03-19 08:36:10.848 [info] fatal: not a git repository (or any of the parent directories): .git
2025-03-19 08:36:10.869 [info] > git rev-parse --show-toplevel [4ms]
2025-03-19 08:36:10.870 [info] fatal: not a git repository (or any of the parent directories): .git
2025-03-19 08:36:10.891 [info] > git rev-parse --show-toplevel [8ms]
2025-03-19 08:36:10.891 [info] fatal: not a git repository (or any of the parent directories): .git
2025-03-19 08:36:10.910 [info] > git rev-parse --show-toplevel [4ms]
2025-03-19 08:36:10.910 [info] fatal: not a git repository (or any of the parent directories): .git
2025-03-19 08:36:10.943 [info] [Model][doInitialScan] Initial repository scan completed - repositories (0), closed repositories (0), parent repositories (0), unsafe repositories (0)
