2025-03-19 12:47:59.555 [info] [main] Log level: Info
2025-03-19 12:47:59.556 [info] [main] Validating found git in: "git"
2025-03-19 12:47:59.556 [info] [main] Using git "2.43.0" from "git"
2025-03-19 12:47:59.556 [info] [Model][doInitialScan] Initial repository scan started
2025-03-19 12:47:59.556 [info] > git rev-parse --show-toplevel [161ms]
2025-03-19 12:47:59.556 [info] fatal: not a git repository (or any of the parent directories): .git
2025-03-19 12:47:59.556 [info] > git rev-parse --show-toplevel [294ms]
2025-03-19 12:47:59.556 [info] fatal: not a git repository (or any of the parent directories): .git
2025-03-19 12:47:59.556 [info] > git rev-parse --show-toplevel [113ms]
2025-03-19 12:47:59.556 [info] fatal: not a git repository (or any of the parent directories): .git
2025-03-19 12:47:59.599 [info] > git rev-parse --show-toplevel [4ms]
2025-03-19 12:47:59.600 [info] fatal: not a git repository (or any of the parent directories): .git
2025-03-19 12:47:59.613 [info] > git rev-parse --show-toplevel [3ms]
2025-03-19 12:47:59.614 [info] fatal: not a git repository (or any of the parent directories): .git
2025-03-19 12:47:59.638 [info] > git rev-parse --show-toplevel [18ms]
2025-03-19 12:47:59.638 [info] fatal: not a git repository (or any of the parent directories): .git
2025-03-19 12:47:59.652 [info] > git rev-parse --show-toplevel [7ms]
2025-03-19 12:47:59.652 [info] fatal: not a git repository (or any of the parent directories): .git
2025-03-19 12:47:59.672 [info] > git rev-parse --show-toplevel [11ms]
2025-03-19 12:47:59.672 [info] fatal: not a git repository (or any of the parent directories): .git
2025-03-19 12:47:59.692 [info] > git rev-parse --show-toplevel [4ms]
2025-03-19 12:47:59.693 [info] fatal: not a git repository (or any of the parent directories): .git
2025-03-19 12:47:59.710 [info] > git rev-parse --show-toplevel [2ms]
2025-03-19 12:47:59.710 [info] fatal: not a git repository (or any of the parent directories): .git
2025-03-19 12:47:59.735 [info] > git rev-parse --show-toplevel [15ms]
2025-03-19 12:47:59.735 [info] fatal: not a git repository (or any of the parent directories): .git
2025-03-19 12:47:59.757 [info] > git rev-parse --show-toplevel [5ms]
2025-03-19 12:47:59.757 [info] fatal: not a git repository (or any of the parent directories): .git
2025-03-19 12:47:59.776 [info] > git rev-parse --show-toplevel [9ms]
2025-03-19 12:47:59.776 [info] fatal: not a git repository (or any of the parent directories): .git
2025-03-19 12:47:59.790 [info] > git rev-parse --show-toplevel [4ms]
2025-03-19 12:47:59.790 [info] fatal: not a git repository (or any of the parent directories): .git
2025-03-19 12:47:59.805 [info] > git rev-parse --show-toplevel [4ms]
2025-03-19 12:47:59.805 [info] fatal: not a git repository (or any of the parent directories): .git
2025-03-19 12:47:59.818 [info] > git rev-parse --show-toplevel [2ms]
2025-03-19 12:47:59.819 [info] fatal: not a git repository (or any of the parent directories): .git
2025-03-19 12:47:59.835 [info] > git rev-parse --show-toplevel [6ms]
2025-03-19 12:47:59.836 [info] fatal: not a git repository (or any of the parent directories): .git
2025-03-19 12:47:59.853 [info] > git rev-parse --show-toplevel [4ms]
2025-03-19 12:47:59.854 [info] fatal: not a git repository (or any of the parent directories): .git
2025-03-19 12:47:59.872 [info] [Model][doInitialScan] Initial repository scan completed - repositories (0), closed repositories (0), parent repositories (0), unsafe repositories (0)
2025-03-19 13:09:17.363 [info] > git init -b main [85ms]
2025-03-19 13:09:17.371 [info] > git rev-parse --show-toplevel [3ms]
2025-03-19 13:09:17.379 [info] > git rev-parse --git-dir --git-common-dir [1ms]
2025-03-19 13:09:17.407 [info] [Model][openRepository] Opened repository: /home/laufr14
2025-03-19 13:09:17.433 [info] [Git][getRemotes] No remotes found in the git config file
2025-03-19 13:09:17.435 [info] > git config --get commit.template [10ms]
2025-03-19 13:09:17.436 [info] > git for-each-ref --format=%(refname)%00%(upstream:short)%00%(objectname)%00%(upstream:track)%00%(upstream:remotename)%00%(upstream:remoteref) refs/heads/main refs/remotes/main [4ms]
2025-03-19 13:09:17.437 [warning] [Git][getBranch] No such branch: main
2025-03-19 13:09:17.454 [info] > git for-each-ref --sort -committerdate --format %(refname) %(objectname) %(*objectname) [2ms]
2025-03-19 13:09:17.634 [info] > git status -z -uall [190ms]
2025-03-19 13:09:17.781 [info] > git for-each-ref --format=%(refname)%00%(upstream:short)%00%(objectname)%00%(upstream:track)%00%(upstream:remotename)%00%(upstream:remoteref) refs/heads/main refs/remotes/main [62ms]
2025-03-19 13:09:17.781 [warning] [Git][getBranch] No such branch: main
2025-03-19 13:09:17.784 [error] [GitHistoryProvider][resolveHEADMergeBase] Failed to resolve merge base for main: Error: No such branch: main.
2025-03-19 13:09:18.440 [info] > git config --get commit.template [668ms]
2025-03-19 13:09:18.482 [info] [Git][getRemotes] No remotes found in the git config file
2025-03-19 13:09:18.483 [info] > git check-ignore -v -z --stdin [36ms]
2025-03-19 13:09:18.486 [info] > git for-each-ref --format=%(refname)%00%(upstream:short)%00%(objectname)%00%(upstream:track)%00%(upstream:remotename)%00%(upstream:remoteref) refs/heads/main refs/remotes/main [5ms]
2025-03-19 13:09:18.486 [warning] [Git][getBranch] No such branch: main
2025-03-19 13:09:18.500 [info] > git for-each-ref --sort -committerdate --format %(refname) %(objectname) %(*objectname) [3ms]
2025-03-19 13:09:18.513 [info] > git status -z -uall [23ms]
2025-03-19 13:09:19.538 [info] > git check-ignore -v -z --stdin [5ms]
2025-03-19 13:09:21.595 [info] [Git][getRemotes] No remotes found in the git config file
2025-03-19 13:09:21.597 [info] > git config --get commit.template [10ms]
2025-03-19 13:09:21.599 [info] > git for-each-ref --format=%(refname)%00%(upstream:short)%00%(objectname)%00%(upstream:track)%00%(upstream:remotename)%00%(upstream:remoteref) refs/heads/main refs/remotes/main [5ms]
2025-03-19 13:09:21.599 [warning] [Git][getBranch] No such branch: main
2025-03-19 13:09:21.619 [info] > git for-each-ref --sort -committerdate --format %(refname) %(objectname) %(*objectname) [6ms]
2025-03-19 13:09:21.639 [info] > git status -z -uall [32ms]
2025-03-19 13:09:26.689 [info] [Git][getRemotes] No remotes found in the git config file
2025-03-19 13:09:26.691 [info] > git config --get commit.template [8ms]
2025-03-19 13:09:26.692 [info] > git for-each-ref --format=%(refname)%00%(upstream:short)%00%(objectname)%00%(upstream:track)%00%(upstream:remotename)%00%(upstream:remoteref) refs/heads/main refs/remotes/main [4ms]
2025-03-19 13:09:26.692 [warning] [Git][getBranch] No such branch: main
2025-03-19 13:09:26.703 [info] > git for-each-ref --sort -committerdate --format %(refname) %(objectname) %(*objectname) [2ms]
2025-03-19 13:09:26.715 [info] > git status -z -uall [18ms]
2025-03-19 13:09:31.752 [info] [Git][getRemotes] No remotes found in the git config file
2025-03-19 13:09:31.759 [info] > git config --get commit.template [7ms]
2025-03-19 13:09:31.760 [info] > git for-each-ref --format=%(refname)%00%(upstream:short)%00%(objectname)%00%(upstream:track)%00%(upstream:remotename)%00%(upstream:remoteref) refs/heads/main refs/remotes/main [2ms]
2025-03-19 13:09:31.760 [warning] [Git][getBranch] No such branch: main
2025-03-19 13:09:31.773 [info] > git for-each-ref --sort -committerdate --format %(refname) %(objectname) %(*objectname) [3ms]
2025-03-19 13:09:31.787 [info] > git status -z -uall [22ms]
2025-03-19 13:09:36.829 [info] [Git][getRemotes] No remotes found in the git config file
2025-03-19 13:09:36.831 [info] > git config --get commit.template [9ms]
2025-03-19 13:09:36.831 [info] > git for-each-ref --format=%(refname)%00%(upstream:short)%00%(objectname)%00%(upstream:track)%00%(upstream:remotename)%00%(upstream:remoteref) refs/heads/main refs/remotes/main [3ms]
2025-03-19 13:09:36.832 [warning] [Git][getBranch] No such branch: main
2025-03-19 13:09:36.846 [info] > git for-each-ref --sort -committerdate --format %(refname) %(objectname) %(*objectname) [2ms]
2025-03-19 13:09:36.856 [info] > git status -z -uall [19ms]
2025-03-19 13:09:42.395 [info] [Git][getRemotes] No remotes found in the git config file
2025-03-19 13:09:42.396 [info] > git config --get commit.template [8ms]
2025-03-19 13:09:42.397 [info] > git for-each-ref --format=%(refname)%00%(upstream:short)%00%(objectname)%00%(upstream:track)%00%(upstream:remotename)%00%(upstream:remoteref) refs/heads/main refs/remotes/main [3ms]
2025-03-19 13:09:42.397 [warning] [Git][getBranch] No such branch: main
2025-03-19 13:09:42.411 [info] > git for-each-ref --sort -committerdate --format %(refname) %(objectname) %(*objectname) [1ms]
2025-03-19 13:09:42.418 [info] > git status -z -uall [17ms]
2025-03-19 13:09:47.449 [info] [Git][getRemotes] No remotes found in the git config file
2025-03-19 13:09:47.450 [info] > git config --get commit.template [7ms]
2025-03-19 13:09:47.451 [info] > git for-each-ref --format=%(refname)%00%(upstream:short)%00%(objectname)%00%(upstream:track)%00%(upstream:remotename)%00%(upstream:remoteref) refs/heads/main refs/remotes/main [2ms]
2025-03-19 13:09:47.451 [warning] [Git][getBranch] No such branch: main
2025-03-19 13:09:47.468 [info] > git for-each-ref --sort -committerdate --format %(refname) %(objectname) %(*objectname) [3ms]
2025-03-19 13:09:47.474 [info] > git status -z -uall [14ms]
2025-03-19 13:09:52.509 [info] [Git][getRemotes] No remotes found in the git config file
2025-03-19 13:09:52.515 [info] > git config --get commit.template [7ms]
2025-03-19 13:09:52.517 [info] > git for-each-ref --format=%(refname)%00%(upstream:short)%00%(objectname)%00%(upstream:track)%00%(upstream:remotename)%00%(upstream:remoteref) refs/heads/main refs/remotes/main [2ms]
2025-03-19 13:09:52.517 [warning] [Git][getBranch] No such branch: main
2025-03-19 13:09:52.528 [info] > git for-each-ref --sort -committerdate --format %(refname) %(objectname) %(*objectname) [2ms]
2025-03-19 13:09:52.542 [info] > git status -z -uall [21ms]
2025-03-19 13:09:57.584 [info] [Git][getRemotes] No remotes found in the git config file
2025-03-19 13:09:57.586 [info] > git config --get commit.template [9ms]
2025-03-19 13:09:57.588 [info] > git for-each-ref --format=%(refname)%00%(upstream:short)%00%(objectname)%00%(upstream:track)%00%(upstream:remotename)%00%(upstream:remoteref) refs/heads/main refs/remotes/main [4ms]
2025-03-19 13:09:57.588 [warning] [Git][getBranch] No such branch: main
2025-03-19 13:09:57.604 [info] > git for-each-ref --sort -committerdate --format %(refname) %(objectname) %(*objectname) [5ms]
2025-03-19 13:09:57.613 [info] > git status -z -uall [20ms]
2025-03-19 13:10:06.221 [info] [Git][getRemotes] No remotes found in the git config file
2025-03-19 13:10:06.222 [info] > git config --get commit.template [10ms]
2025-03-19 13:10:06.222 [info] > git for-each-ref --format=%(refname)%00%(upstream:short)%00%(objectname)%00%(upstream:track)%00%(upstream:remotename)%00%(upstream:remoteref) refs/heads/main refs/remotes/main [2ms]
2025-03-19 13:10:06.222 [warning] [Git][getBranch] No such branch: main
2025-03-19 13:10:06.234 [info] > git for-each-ref --sort -committerdate --format %(refname) %(objectname) %(*objectname) [2ms]
2025-03-19 13:10:06.244 [info] > git status -z -uall [16ms]
2025-03-19 13:10:11.281 [info] [Git][getRemotes] No remotes found in the git config file
2025-03-19 13:10:11.282 [info] > git config --get commit.template [6ms]
2025-03-19 13:10:11.282 [info] > git for-each-ref --format=%(refname)%00%(upstream:short)%00%(objectname)%00%(upstream:track)%00%(upstream:remotename)%00%(upstream:remoteref) refs/heads/main refs/remotes/main [1ms]
2025-03-19 13:10:11.282 [warning] [Git][getBranch] No such branch: main
2025-03-19 13:10:11.296 [info] > git for-each-ref --sort -committerdate --format %(refname) %(objectname) %(*objectname) [2ms]
2025-03-19 13:10:11.309 [info] > git status -z -uall [22ms]
2025-03-19 13:10:16.867 [info] [Git][getRemotes] No remotes found in the git config file
2025-03-19 13:10:16.868 [info] > git config --get commit.template [7ms]
2025-03-19 13:10:16.868 [info] > git for-each-ref --format=%(refname)%00%(upstream:short)%00%(objectname)%00%(upstream:track)%00%(upstream:remotename)%00%(upstream:remoteref) refs/heads/main refs/remotes/main [2ms]
2025-03-19 13:10:16.869 [warning] [Git][getBranch] No such branch: main
2025-03-19 13:10:16.882 [info] > git for-each-ref --sort -committerdate --format %(refname) %(objectname) %(*objectname) [2ms]
2025-03-19 13:10:16.894 [info] > git status -z -uall [20ms]
2025-03-19 13:10:21.923 [info] > git config --get commit.template [3ms]
2025-03-19 13:10:21.929 [info] [Git][getRemotes] No remotes found in the git config file
2025-03-19 13:10:21.932 [info] > git for-each-ref --format=%(refname)%00%(upstream:short)%00%(objectname)%00%(upstream:track)%00%(upstream:remotename)%00%(upstream:remoteref) refs/heads/main refs/remotes/main [3ms]
2025-03-19 13:10:21.932 [warning] [Git][getBranch] No such branch: main
2025-03-19 13:10:21.946 [info] > git for-each-ref --sort -committerdate --format %(refname) %(objectname) %(*objectname) [3ms]
2025-03-19 13:10:21.967 [info] > git status -z -uall [30ms]
2025-03-19 13:10:27.012 [info] [Git][getRemotes] No remotes found in the git config file
2025-03-19 13:10:27.013 [info] > git config --get commit.template [7ms]
2025-03-19 13:10:27.013 [info] > git for-each-ref --format=%(refname)%00%(upstream:short)%00%(objectname)%00%(upstream:track)%00%(upstream:remotename)%00%(upstream:remoteref) refs/heads/main refs/remotes/main [2ms]
2025-03-19 13:10:27.013 [warning] [Git][getBranch] No such branch: main
2025-03-19 13:10:27.028 [info] > git for-each-ref --sort -committerdate --format %(refname) %(objectname) %(*objectname) [2ms]
2025-03-19 13:10:27.036 [info] > git status -z -uall [17ms]
2025-03-19 13:10:32.065 [info] [Git][getRemotes] No remotes found in the git config file
2025-03-19 13:10:32.071 [info] > git config --get commit.template [7ms]
2025-03-19 13:10:32.072 [info] > git for-each-ref --format=%(refname)%00%(upstream:short)%00%(objectname)%00%(upstream:track)%00%(upstream:remotename)%00%(upstream:remoteref) refs/heads/main refs/remotes/main [2ms]
2025-03-19 13:10:32.073 [warning] [Git][getBranch] No such branch: main
2025-03-19 13:10:32.086 [info] > git for-each-ref --sort -committerdate --format %(refname) %(objectname) %(*objectname) [2ms]
2025-03-19 13:10:32.097 [info] > git status -z -uall [19ms]
