2025-03-18 10:11:16.505 [info] Extension host with pid 1988 started
2025-03-18 10:11:16.583 [info] ExtensionService#_doActivateExtension vscode.git-base, startup: true, activationEvent: '*', root cause: vscode.git
2025-03-18 10:11:16.738 [info] ExtensionService#_doActivateExtension vscode.git, startup: true, activationEvent: '*'
2025-03-18 10:11:16.740 [info] ExtensionService#_doActivateExtension vscode.github, startup: true, activationEvent: '*'
2025-03-18 10:11:17.801 [info] Eager extensions activated
2025-03-18 10:11:17.802 [info] ExtensionService#_doActivateExtension vscode.debug-auto-launch, startup: false, activationEvent: 'onStartupFinished'
2025-03-18 10:11:17.804 [info] ExtensionService#_doActivateExtension vscode.merge-conflict, startup: false, activationEvent: 'onStartupFinished'
2025-03-18 10:11:43.265 [info] ExtensionService#_doActivateExtension vscode.emmet, startup: false, activationEvent: 'onLanguage'
2025-03-18 10:12:11.715 [info] ExtensionService#_doActivateExtension vscode.configuration-editing, startup: false, activationEvent: 'onLanguage:jsonc'
2025-03-18 10:12:11.716 [info] ExtensionService#_doActivateExtension vscode.json-language-features, startup: false, activationEvent: 'onLanguage:jsonc'
2025-03-18 10:12:11.717 [info] ExtensionService#_doActivateExtension vscode.typescript-language-features, startup: false, activationEvent: 'onLanguage:jsonc'
2025-03-18 10:14:06.075 [info] Extension host terminating: received terminate message from renderer
2025-03-18 10:14:06.328 [error] Canceled: Canceled
	at zc (file:///home/laufr14/.vscode-server/bin/ddc367ed5c8936efe395cffeec279b04ffd7db78/out/vs/workbench/api/node/extensionHostProcess.js:7:1218)
	at file:///home/laufr14/.vscode-server/bin/ddc367ed5c8936efe395cffeec279b04ffd7db78/out/vs/workbench/api/node/extensionHostProcess.js:29:156480
	at Array.forEach (<anonymous>)
	at qy.dispose (file:///home/laufr14/.vscode-server/bin/ddc367ed5c8936efe395cffeec279b04ffd7db78/out/vs/workbench/api/node/extensionHostProcess.js:29:156420)
	at zz.terminate (file:///home/laufr14/.vscode-server/bin/ddc367ed5c8936efe395cffeec279b04ffd7db78/out/vs/workbench/api/node/extensionHostProcess.js:116:10084)
	at FI.terminate (file:///home/laufr14/.vscode-server/bin/ddc367ed5c8936efe395cffeec279b04ffd7db78/out/vs/workbench/api/node/extensionHostProcess.js:117:1434)
	at ts (file:///home/laufr14/.vscode-server/bin/ddc367ed5c8936efe395cffeec279b04ffd7db78/out/vs/workbench/api/node/extensionHostProcess.js:190:15108)
	at Th.value (file:///home/laufr14/.vscode-server/bin/ddc367ed5c8936efe395cffeec279b04ffd7db78/out/vs/workbench/api/node/extensionHostProcess.js:190:13269)
	at D.B (file:///home/laufr14/.vscode-server/bin/ddc367ed5c8936efe395cffeec279b04ffd7db78/out/vs/workbench/api/node/extensionHostProcess.js:27:2375)
	at D.fire (file:///home/laufr14/.vscode-server/bin/ddc367ed5c8936efe395cffeec279b04ffd7db78/out/vs/workbench/api/node/extensionHostProcess.js:27:2593)
	at Gn.fire (file:///home/laufr14/.vscode-server/bin/ddc367ed5c8936efe395cffeec279b04ffd7db78/out/vs/workbench/api/node/extensionHostProcess.js:29:9459)
	at Ym.A (file:///home/laufr14/.vscode-server/bin/ddc367ed5c8936efe395cffeec279b04ffd7db78/out/vs/workbench/api/node/extensionHostProcess.js:29:12575)
	at Th.value (file:///home/laufr14/.vscode-server/bin/ddc367ed5c8936efe395cffeec279b04ffd7db78/out/vs/workbench/api/node/extensionHostProcess.js:29:10995)
	at D.B (file:///home/laufr14/.vscode-server/bin/ddc367ed5c8936efe395cffeec279b04ffd7db78/out/vs/workbench/api/node/extensionHostProcess.js:27:2375)
	at D.fire (file:///home/laufr14/.vscode-server/bin/ddc367ed5c8936efe395cffeec279b04ffd7db78/out/vs/workbench/api/node/extensionHostProcess.js:27:2593)
	at C6.acceptChunk (file:///home/laufr14/.vscode-server/bin/ddc367ed5c8936efe395cffeec279b04ffd7db78/out/vs/workbench/api/node/extensionHostProcess.js:29:7942)
	at Th.value (file:///home/laufr14/.vscode-server/bin/ddc367ed5c8936efe395cffeec279b04ffd7db78/out/vs/workbench/api/node/extensionHostProcess.js:29:7228)
	at D.B (file:///home/laufr14/.vscode-server/bin/ddc367ed5c8936efe395cffeec279b04ffd7db78/out/vs/workbench/api/node/extensionHostProcess.js:27:2375)
	at D.fire (file:///home/laufr14/.vscode-server/bin/ddc367ed5c8936efe395cffeec279b04ffd7db78/out/vs/workbench/api/node/extensionHostProcess.js:27:2593)
	at tT.z (file:///home/laufr14/.vscode-server/bin/ddc367ed5c8936efe395cffeec279b04ffd7db78/out/vs/workbench/api/node/extensionHostProcess.js:29:21747)
	at tT.acceptFrame (file:///home/laufr14/.vscode-server/bin/ddc367ed5c8936efe395cffeec279b04ffd7db78/out/vs/workbench/api/node/extensionHostProcess.js:29:21553)
	at eT.n (file:///home/laufr14/.vscode-server/bin/ddc367ed5c8936efe395cffeec279b04ffd7db78/out/vs/workbench/api/node/extensionHostProcess.js:29:20080)
	at file:///home/laufr14/.vscode-server/bin/ddc367ed5c8936efe395cffeec279b04ffd7db78/out/vs/workbench/api/node/extensionHostProcess.js:29:17312
	at Socket.t (file:///home/laufr14/.vscode-server/bin/ddc367ed5c8936efe395cffeec279b04ffd7db78/out/vs/workbench/api/node/extensionHostProcess.js:29:15252)
	at Socket.emit (node:events:518:28)
	at addChunk (node:internal/streams/readable:561:12)
	at readableAddChunkPushByteMode (node:internal/streams/readable:512:3)
	at Readable.push (node:internal/streams/readable:392:5)
	at TCP.onStreamRead (node:internal/stream_base_commons:191:23) setContext undefined
2025-03-18 10:14:06.340 [info] Extension host with pid 1988 exiting with code 0
