2025-03-19 13:12:40.436 [info] [main] Log level: Info
2025-03-19 13:12:40.436 [info] [main] Validating found git in: "git"
2025-03-19 13:12:40.436 [info] [main] Using git "2.43.0" from "git"
2025-03-19 13:12:40.436 [info] [Model][doInitialScan] Initial repository scan started
2025-03-19 13:12:40.436 [info] > git rev-parse --show-toplevel [22ms]
2025-03-19 13:12:40.440 [info] > git rev-parse --git-dir --git-common-dir [6ms]
2025-03-19 13:12:40.524 [info] [Model][openRepository] Opened repository: /home/laufr14
2025-03-19 13:12:40.706 [info] > git rev-parse --show-toplevel [159ms]
2025-03-19 13:12:40.712 [info] > git config --get commit.template [170ms]
2025-03-19 13:12:40.733 [info] [Git][getRemotes] No remotes found in the git config file
2025-03-19 13:12:40.747 [info] > git for-each-ref --format=%(refname)%00%(upstream:short)%00%(objectname)%00%(upstream:track)%00%(upstream:remotename)%00%(upstream:remoteref) refs/heads/main refs/remotes/main [16ms]
2025-03-19 13:12:40.748 [warning] [Git][getBranch] No such branch: main
2025-03-19 13:12:40.827 [info] > git rev-parse --show-toplevel [33ms]
2025-03-19 13:12:40.829 [info] > git for-each-ref --sort -committerdate --format %(refname) %(objectname) %(*objectname) [41ms]
2025-03-19 13:12:40.863 [info] > git status -z -uall [92ms]
2025-03-19 13:12:40.864 [info] > git rev-parse --show-toplevel [20ms]
2025-03-19 13:12:42.234 [info] > git for-each-ref --format=%(refname)%00%(upstream:short)%00%(objectname)%00%(upstream:track)%00%(upstream:remotename)%00%(upstream:remoteref) refs/heads/main refs/remotes/main [1181ms]
2025-03-19 13:12:42.235 [warning] [Git][getBranch] No such branch: main
2025-03-19 13:12:42.236 [error] [GitHistoryProvider][resolveHEADMergeBase] Failed to resolve merge base for main: Error: No such branch: main.
2025-03-19 13:12:42.281 [info] > git check-ignore -v -z --stdin [16ms]
2025-03-19 13:12:42.287 [info] > git config --get commit.template [54ms]
2025-03-19 13:12:42.291 [info] > git rev-parse --show-toplevel [65ms]
2025-03-19 13:12:42.310 [info] [Git][getRemotes] No remotes found in the git config file
2025-03-19 13:12:42.315 [info] > git rev-parse --show-toplevel [13ms]
2025-03-19 13:12:42.325 [info] > git for-each-ref --format=%(refname)%00%(upstream:short)%00%(objectname)%00%(upstream:track)%00%(upstream:remotename)%00%(upstream:remoteref) refs/heads/main refs/remotes/main [17ms]
2025-03-19 13:12:42.326 [warning] [Git][getBranch] No such branch: main
2025-03-19 13:12:42.348 [info] > git rev-parse --show-toplevel [25ms]
2025-03-19 13:12:42.351 [info] > git for-each-ref --sort -committerdate --format %(refname) %(objectname) %(*objectname) [7ms]
2025-03-19 13:12:42.376 [info] > git rev-parse --show-toplevel [16ms]
2025-03-19 13:12:42.396 [info] > git status -z -uall [62ms]
2025-03-19 13:12:42.397 [info] > git rev-parse --show-toplevel [10ms]
2025-03-19 13:12:42.491 [info] > git rev-parse --show-toplevel [7ms]
2025-03-19 13:12:42.510 [info] > git rev-parse --show-toplevel [11ms]
2025-03-19 13:12:43.256 [info] > git rev-parse --show-toplevel [738ms]
2025-03-19 13:12:43.286 [info] > git rev-parse --show-toplevel [8ms]
2025-03-19 13:12:43.304 [info] > git rev-parse --show-toplevel [6ms]
2025-03-19 13:12:43.343 [info] > git rev-parse --show-toplevel [3ms]
2025-03-19 13:12:43.358 [info] > git rev-parse --show-toplevel [7ms]
2025-03-19 13:12:43.372 [info] > git rev-parse --show-toplevel [4ms]
2025-03-19 13:12:43.392 [info] > git rev-parse --show-toplevel [6ms]
2025-03-19 13:12:43.403 [info] [Model][doInitialScan] Initial repository scan completed - repositories (1), closed repositories (0), parent repositories (0), unsafe repositories (0)
2025-03-19 13:12:56.194 [info] [Git][getRemotes] No remotes found in the git config file
2025-03-19 13:12:56.195 [info] > git config --get commit.template [11ms]
2025-03-19 13:12:56.197 [info] > git for-each-ref --format=%(refname)%00%(upstream:short)%00%(objectname)%00%(upstream:track)%00%(upstream:remotename)%00%(upstream:remoteref) refs/heads/main refs/remotes/main [4ms]
2025-03-19 13:12:56.199 [warning] [Git][getBranch] No such branch: main
2025-03-19 13:12:56.216 [info] > git for-each-ref --sort -committerdate --format %(refname) %(objectname) %(*objectname) [2ms]
2025-03-19 13:12:56.234 [info] > git status -z -uall [28ms]
2025-03-19 13:13:01.742 [info] [Git][getRemotes] No remotes found in the git config file
2025-03-19 13:13:01.744 [info] > git config --get commit.template [6ms]
2025-03-19 13:13:01.744 [info] > git for-each-ref --format=%(refname)%00%(upstream:short)%00%(objectname)%00%(upstream:track)%00%(upstream:remotename)%00%(upstream:remoteref) refs/heads/main refs/remotes/main [3ms]
2025-03-19 13:13:01.744 [warning] [Git][getBranch] No such branch: main
2025-03-19 13:13:01.754 [info] > git for-each-ref --sort -committerdate --format %(refname) %(objectname) %(*objectname) [3ms]
2025-03-19 13:13:01.765 [info] > git status -z -uall [18ms]
2025-03-19 13:13:06.845 [info] [Git][getRemotes] No remotes found in the git config file
2025-03-19 13:13:06.848 [info] > git config --get commit.template [13ms]
2025-03-19 13:13:06.850 [info] > git for-each-ref --format=%(refname)%00%(upstream:short)%00%(objectname)%00%(upstream:track)%00%(upstream:remotename)%00%(upstream:remoteref) refs/heads/main refs/remotes/main [5ms]
2025-03-19 13:13:06.850 [warning] [Git][getBranch] No such branch: main
2025-03-19 13:13:06.885 [info] > git for-each-ref --sort -committerdate --format %(refname) %(objectname) %(*objectname) [12ms]
2025-03-19 13:13:06.894 [info] > git status -z -uall [37ms]
2025-03-19 13:13:07.720 [info] > git check-ignore -v -z --stdin [15ms]
2025-03-19 13:13:11.964 [info] [Git][getRemotes] No remotes found in the git config file
2025-03-19 13:13:11.966 [info] > git config --get commit.template [8ms]
2025-03-19 13:13:11.967 [info] > git for-each-ref --format=%(refname)%00%(upstream:short)%00%(objectname)%00%(upstream:track)%00%(upstream:remotename)%00%(upstream:remoteref) refs/heads/main refs/remotes/main [2ms]
2025-03-19 13:13:11.967 [warning] [Git][getBranch] No such branch: main
2025-03-19 13:13:11.980 [info] > git for-each-ref --sort -committerdate --format %(refname) %(objectname) %(*objectname) [3ms]
2025-03-19 13:13:11.993 [info] > git status -z -uall [21ms]
2025-03-19 13:13:13.971 [info] > git log --format=%H%n%aN%n%aE%n%at%n%ct%n%P%n%D%n%B -z --shortstat --diff-merges=first-parent -n50 --skip=0 --topo-order --decorate=full --stdin [5ms]
2025-03-19 13:13:13.972 [info] fatal: bad revision 'refs/heads/main'
2025-03-19 13:13:13.973 [error] [GitHistoryProvider][provideHistoryItems] Failed to get history items with options '{"historyItemRefs":["refs/heads/main"],"limit":50,"skip":0}': Failed to execute git {
  "exitCode": 128,
  "gitCommand": "log",
  "stdout": "",
  "stderr": "fatal: bad revision 'refs/heads/main'\n"
}
2025-03-19 13:13:17.038 [info] [Git][getRemotes] No remotes found in the git config file
2025-03-19 13:13:17.040 [info] > git config --get commit.template [8ms]
2025-03-19 13:13:17.041 [info] > git for-each-ref --format=%(refname)%00%(upstream:short)%00%(objectname)%00%(upstream:track)%00%(upstream:remotename)%00%(upstream:remoteref) refs/heads/main refs/remotes/main [3ms]
2025-03-19 13:13:17.041 [warning] [Git][getBranch] No such branch: main
2025-03-19 13:13:17.056 [info] > git for-each-ref --sort -committerdate --format %(refname) %(objectname) %(*objectname) [2ms]
2025-03-19 13:13:17.072 [info] > git status -z -uall [25ms]
2025-03-19 13:13:22.863 [info] > git config --get commit.template [7ms]
2025-03-19 13:13:22.863 [info] [Git][getRemotes] No remotes found in the git config file
2025-03-19 13:13:22.864 [info] > git for-each-ref --format=%(refname)%00%(upstream:short)%00%(objectname)%00%(upstream:track)%00%(upstream:remotename)%00%(upstream:remoteref) refs/heads/main refs/remotes/main [2ms]
2025-03-19 13:13:22.864 [warning] [Git][getBranch] No such branch: main
2025-03-19 13:13:22.876 [info] > git for-each-ref --sort -committerdate --format %(refname) %(objectname) %(*objectname) [2ms]
2025-03-19 13:13:22.886 [info] > git status -z -uall [17ms]
2025-03-19 13:13:27.925 [info] [Git][getRemotes] No remotes found in the git config file
2025-03-19 13:13:27.927 [info] > git config --get commit.template [8ms]
2025-03-19 13:13:27.928 [info] > git for-each-ref --format=%(refname)%00%(upstream:short)%00%(objectname)%00%(upstream:track)%00%(upstream:remotename)%00%(upstream:remoteref) refs/heads/main refs/remotes/main [3ms]
2025-03-19 13:13:27.929 [warning] [Git][getBranch] No such branch: main
2025-03-19 13:13:27.942 [info] > git for-each-ref --sort -committerdate --format %(refname) %(objectname) %(*objectname) [2ms]
2025-03-19 13:13:27.955 [info] > git status -z -uall [21ms]
2025-03-19 13:13:30.451 [info] > git check-ignore -v -z --stdin [2ms]
2025-03-19 13:13:31.020 [info] > git check-ignore -v -z --stdin [4ms]
2025-03-19 13:13:33.415 [info] [Git][getRemotes] No remotes found in the git config file
2025-03-19 13:13:33.418 [info] > git config --get commit.template [10ms]
2025-03-19 13:13:33.419 [info] > git for-each-ref --format=%(refname)%00%(upstream:short)%00%(objectname)%00%(upstream:track)%00%(upstream:remotename)%00%(upstream:remoteref) refs/heads/main refs/remotes/main [5ms]
2025-03-19 13:13:33.420 [warning] [Git][getBranch] No such branch: main
2025-03-19 13:13:33.436 [info] > git for-each-ref --sort -committerdate --format %(refname) %(objectname) %(*objectname) [2ms]
2025-03-19 13:13:33.457 [info] > git status -z -uall [31ms]
2025-03-19 13:13:42.323 [info] [Git][getRemotes] No remotes found in the git config file
2025-03-19 13:13:42.326 [info] > git config --get commit.template [11ms]
2025-03-19 13:13:42.328 [info] > git for-each-ref --format=%(refname)%00%(upstream:short)%00%(objectname)%00%(upstream:track)%00%(upstream:remotename)%00%(upstream:remoteref) refs/heads/main refs/remotes/main [6ms]
2025-03-19 13:13:42.328 [warning] [Git][getBranch] No such branch: main
2025-03-19 13:13:42.350 [info] > git for-each-ref --sort -committerdate --format %(refname) %(objectname) %(*objectname) [5ms]
2025-03-19 13:13:42.368 [info] > git status -z -uall [33ms]
2025-03-19 13:13:47.063 [info] > git check-ignore -v -z --stdin [3ms]
2025-03-19 13:13:47.446 [info] [Git][getRemotes] No remotes found in the git config file
2025-03-19 13:13:47.448 [info] > git config --get commit.template [15ms]
2025-03-19 13:13:47.450 [info] > git for-each-ref --format=%(refname)%00%(upstream:short)%00%(objectname)%00%(upstream:track)%00%(upstream:remotename)%00%(upstream:remoteref) refs/heads/main refs/remotes/main [5ms]
2025-03-19 13:13:47.450 [warning] [Git][getBranch] No such branch: main
2025-03-19 13:13:47.472 [info] > git for-each-ref --sort -committerdate --format %(refname) %(objectname) %(*objectname) [3ms]
2025-03-19 13:13:47.502 [info] > git status -z -uall [43ms]
2025-03-19 13:13:52.602 [info] [Git][getRemotes] No remotes found in the git config file
2025-03-19 13:13:52.604 [info] > git config --get commit.template [11ms]
2025-03-19 13:13:52.606 [info] > git for-each-ref --format=%(refname)%00%(upstream:short)%00%(objectname)%00%(upstream:track)%00%(upstream:remotename)%00%(upstream:remoteref) refs/heads/main refs/remotes/main [4ms]
2025-03-19 13:13:52.606 [warning] [Git][getBranch] No such branch: main
2025-03-19 13:13:52.622 [info] > git for-each-ref --sort -committerdate --format %(refname) %(objectname) %(*objectname) [3ms]
2025-03-19 13:13:52.640 [info] > git status -z -uall [27ms]
2025-03-19 13:13:54.097 [info] > git check-ignore -v -z --stdin [9ms]
2025-03-19 13:13:55.541 [info] > git check-ignore -v -z --stdin [4ms]
2025-03-19 13:13:57.700 [info] [Git][getRemotes] No remotes found in the git config file
2025-03-19 13:13:57.702 [info] > git config --get commit.template [8ms]
2025-03-19 13:13:57.703 [info] > git for-each-ref --format=%(refname)%00%(upstream:short)%00%(objectname)%00%(upstream:track)%00%(upstream:remotename)%00%(upstream:remoteref) refs/heads/main refs/remotes/main [3ms]
2025-03-19 13:13:57.703 [warning] [Git][getBranch] No such branch: main
2025-03-19 13:13:57.722 [info] > git for-each-ref --sort -committerdate --format %(refname) %(objectname) %(*objectname) [3ms]
2025-03-19 13:13:57.746 [info] > git status -z -uall [35ms]
2025-03-19 13:13:59.129 [info] > git check-ignore -v -z --stdin [2ms]
2025-03-19 13:14:02.818 [info] [Git][getRemotes] No remotes found in the git config file
2025-03-19 13:14:02.819 [info] > git config --get commit.template [16ms]
2025-03-19 13:14:02.820 [info] > git for-each-ref --format=%(refname)%00%(upstream:short)%00%(objectname)%00%(upstream:track)%00%(upstream:remotename)%00%(upstream:remoteref) refs/heads/main refs/remotes/main [3ms]
2025-03-19 13:14:02.821 [warning] [Git][getBranch] No such branch: main
2025-03-19 13:14:02.842 [info] > git for-each-ref --sort -committerdate --format %(refname) %(objectname) %(*objectname) [3ms]
2025-03-19 13:14:02.867 [info] > git status -z -uall [37ms]
2025-03-19 13:14:08.382 [info] > git config --get commit.template [4ms]
2025-03-19 13:14:08.397 [info] [Git][getRemotes] No remotes found in the git config file
2025-03-19 13:14:08.400 [info] > git for-each-ref --format=%(refname)%00%(upstream:short)%00%(objectname)%00%(upstream:track)%00%(upstream:remotename)%00%(upstream:remoteref) refs/heads/main refs/remotes/main [3ms]
2025-03-19 13:14:08.405 [warning] [Git][getBranch] No such branch: main
2025-03-19 13:14:08.445 [info] > git for-each-ref --sort -committerdate --format %(refname) %(objectname) %(*objectname) [16ms]
2025-03-19 13:14:08.470 [info] > git status -z -uall [56ms]
2025-03-19 13:14:13.542 [info] [Git][getRemotes] No remotes found in the git config file
2025-03-19 13:14:13.543 [info] > git config --get commit.template [10ms]
2025-03-19 13:14:13.544 [info] > git for-each-ref --format=%(refname)%00%(upstream:short)%00%(objectname)%00%(upstream:track)%00%(upstream:remotename)%00%(upstream:remoteref) refs/heads/main refs/remotes/main [3ms]
2025-03-19 13:14:13.545 [warning] [Git][getBranch] No such branch: main
2025-03-19 13:14:13.562 [info] > git for-each-ref --sort -committerdate --format %(refname) %(objectname) %(*objectname) [3ms]
2025-03-19 13:14:13.586 [info] > git status -z -uall [34ms]
2025-03-19 13:14:18.640 [info] [Git][getRemotes] No remotes found in the git config file
2025-03-19 13:14:18.643 [info] > git config --get commit.template [11ms]
2025-03-19 13:14:18.645 [info] > git for-each-ref --format=%(refname)%00%(upstream:short)%00%(objectname)%00%(upstream:track)%00%(upstream:remotename)%00%(upstream:remoteref) refs/heads/main refs/remotes/main [5ms]
2025-03-19 13:14:18.646 [warning] [Git][getBranch] No such branch: main
2025-03-19 13:14:18.666 [info] > git for-each-ref --sort -committerdate --format %(refname) %(objectname) %(*objectname) [3ms]
2025-03-19 13:14:18.683 [info] > git status -z -uall [30ms]
2025-03-19 13:14:23.737 [info] [Git][getRemotes] No remotes found in the git config file
2025-03-19 13:14:23.739 [info] > git config --get commit.template [10ms]
2025-03-19 13:14:23.740 [info] > git for-each-ref --format=%(refname)%00%(upstream:short)%00%(objectname)%00%(upstream:track)%00%(upstream:remotename)%00%(upstream:remoteref) refs/heads/main refs/remotes/main [4ms]
2025-03-19 13:14:23.741 [warning] [Git][getBranch] No such branch: main
2025-03-19 13:14:23.757 [info] > git for-each-ref --sort -committerdate --format %(refname) %(objectname) %(*objectname) [3ms]
2025-03-19 13:14:23.767 [info] > git status -z -uall [21ms]
2025-03-19 13:14:28.817 [info] [Git][getRemotes] No remotes found in the git config file
2025-03-19 13:14:28.820 [info] > git config --get commit.template [11ms]
2025-03-19 13:14:28.821 [info] > git for-each-ref --format=%(refname)%00%(upstream:short)%00%(objectname)%00%(upstream:track)%00%(upstream:remotename)%00%(upstream:remoteref) refs/heads/main refs/remotes/main [4ms]
2025-03-19 13:14:28.822 [warning] [Git][getBranch] No such branch: main
2025-03-19 13:14:28.840 [info] > git for-each-ref --sort -committerdate --format %(refname) %(objectname) %(*objectname) [2ms]
2025-03-19 13:14:28.855 [info] > git status -z -uall [23ms]
2025-03-19 13:14:33.904 [info] > git config --get commit.template [12ms]
2025-03-19 13:14:33.905 [info] [Git][getRemotes] No remotes found in the git config file
2025-03-19 13:14:33.906 [info] > git for-each-ref --format=%(refname)%00%(upstream:short)%00%(objectname)%00%(upstream:track)%00%(upstream:remotename)%00%(upstream:remoteref) refs/heads/main refs/remotes/main [4ms]
2025-03-19 13:14:33.907 [warning] [Git][getBranch] No such branch: main
2025-03-19 13:14:33.927 [info] > git for-each-ref --sort -committerdate --format %(refname) %(objectname) %(*objectname) [1ms]
2025-03-19 13:14:33.971 [info] > git status -z -uall [56ms]
2025-03-19 13:14:39.611 [info] [Git][getRemotes] No remotes found in the git config file
2025-03-19 13:14:39.613 [info] > git config --get commit.template [15ms]
2025-03-19 13:14:39.614 [info] > git for-each-ref --format=%(refname)%00%(upstream:short)%00%(objectname)%00%(upstream:track)%00%(upstream:remotename)%00%(upstream:remoteref) refs/heads/main refs/remotes/main [4ms]
2025-03-19 13:14:39.614 [warning] [Git][getBranch] No such branch: main
2025-03-19 13:14:39.647 [info] > git for-each-ref --sort -committerdate --format %(refname) %(objectname) %(*objectname) [4ms]
2025-03-19 13:14:39.674 [info] > git status -z -uall [39ms]
2025-03-19 13:14:44.224 [info] [Git][getRemotes] No remotes found in the git config file
2025-03-19 13:14:44.226 [info] > git config --get commit.template [10ms]
2025-03-19 13:14:44.229 [info] > git for-each-ref --format=%(refname)%00%(upstream:short)%00%(objectname)%00%(upstream:track)%00%(upstream:remotename)%00%(upstream:remoteref) refs/heads/main refs/remotes/main [4ms]
2025-03-19 13:14:44.229 [warning] [Git][getBranch] No such branch: main
2025-03-19 13:14:44.248 [info] > git for-each-ref --sort -committerdate --format %(refname) %(objectname) %(*objectname) [4ms]
2025-03-19 13:14:44.262 [info] > git status -z -uall [26ms]
2025-03-19 13:14:44.842 [info] [Git][getRemotes] No remotes found in the git config file
2025-03-19 13:14:44.843 [info] > git config --get commit.template [19ms]
2025-03-19 13:14:44.844 [info] > git for-each-ref --format=%(refname)%00%(upstream:short)%00%(objectname)%00%(upstream:track)%00%(upstream:remotename)%00%(upstream:remoteref) refs/heads/main refs/remotes/main [3ms]
2025-03-19 13:14:44.844 [warning] [Git][getBranch] No such branch: main
2025-03-19 13:14:44.862 [info] > git for-each-ref --sort -committerdate --format %(refname) %(objectname) %(*objectname) [2ms]
2025-03-19 13:14:44.885 [info] > git status -z -uall [35ms]
2025-03-19 13:14:45.995 [info] > git show --textconv :scripts_backup_project/scripts_backup_project [23ms]
2025-03-19 13:14:45.996 [info] > git show --textconv HEAD:scripts_backup_project/scripts_backup_project [18ms]
2025-03-19 13:14:45.997 [info] > git ls-files --stage -- scripts_backup_project/scripts_backup_project [12ms]
2025-03-19 13:14:46.020 [info] > git cat-file -s 8cf845d03d8de2bffa479a3f4683e873e01891a7 [10ms]
2025-03-19 13:14:46.022 [info] > git ls-tree -l HEAD -- scripts_backup_project/scripts_backup_project [31ms]
2025-03-19 13:14:46.022 [info] fatal: Not a valid object name HEAD
2025-03-19 13:14:46.029 [info] > git hash-object -t tree /dev/null [12ms]
2025-03-19 13:14:46.030 [warning] [GitFileSystemProvider][readFile] File not found - git:/home/laufr14/scripts_backup_project/scripts_backup_project.git?%7B%22path%22%3A%22%2Fhome%2Flaufr14%2Fscripts_backup_project%2Fscripts_backup_project%22%2C%22ref%22%3A%22HEAD%22%7D
2025-03-19 13:14:46.053 [info] > git hash-object -t tree /dev/null [26ms]
2025-03-19 13:14:46.053 [warning] [GitFileSystemProvider][stat] File not found - git:/home/laufr14/scripts_backup_project/scripts_backup_project.git?%7B%22path%22%3A%22%2Fhome%2Flaufr14%2Fscripts_backup_project%2Fscripts_backup_project%22%2C%22ref%22%3A%22HEAD%22%7D
2025-03-19 13:14:49.973 [info] [Git][getRemotes] No remotes found in the git config file
2025-03-19 13:14:49.974 [info] > git config --get commit.template [8ms]
2025-03-19 13:14:49.976 [info] > git for-each-ref --format=%(refname)%00%(upstream:short)%00%(objectname)%00%(upstream:track)%00%(upstream:remotename)%00%(upstream:remoteref) refs/heads/main refs/remotes/main [3ms]
2025-03-19 13:14:49.976 [warning] [Git][getBranch] No such branch: main
2025-03-19 13:14:49.996 [info] > git for-each-ref --sort -committerdate --format %(refname) %(objectname) %(*objectname) [4ms]
2025-03-19 13:14:50.009 [info] > git status -z -uall [25ms]
2025-03-19 13:14:55.059 [info] > git config --get commit.template [8ms]
2025-03-19 13:14:55.059 [info] [Git][getRemotes] No remotes found in the git config file
2025-03-19 13:14:55.060 [info] > git for-each-ref --format=%(refname)%00%(upstream:short)%00%(objectname)%00%(upstream:track)%00%(upstream:remotename)%00%(upstream:remoteref) refs/heads/main refs/remotes/main [2ms]
2025-03-19 13:14:55.060 [warning] [Git][getBranch] No such branch: main
2025-03-19 13:14:55.074 [info] > git for-each-ref --sort -committerdate --format %(refname) %(objectname) %(*objectname) [3ms]
2025-03-19 13:14:55.091 [info] > git status -z -uall [27ms]
2025-03-19 13:15:00.142 [info] [Git][getRemotes] No remotes found in the git config file
2025-03-19 13:15:00.144 [info] > git config --get commit.template [9ms]
2025-03-19 13:15:00.145 [info] > git for-each-ref --format=%(refname)%00%(upstream:short)%00%(objectname)%00%(upstream:track)%00%(upstream:remotename)%00%(upstream:remoteref) refs/heads/main refs/remotes/main [4ms]
2025-03-19 13:15:00.145 [warning] [Git][getBranch] No such branch: main
2025-03-19 13:15:00.161 [info] > git for-each-ref --sort -committerdate --format %(refname) %(objectname) %(*objectname) [2ms]
2025-03-19 13:15:00.173 [info] > git status -z -uall [22ms]
2025-03-19 13:15:05.225 [info] [Git][getRemotes] No remotes found in the git config file
2025-03-19 13:15:05.226 [info] > git config --get commit.template [9ms]
2025-03-19 13:15:05.227 [info] > git for-each-ref --format=%(refname)%00%(upstream:short)%00%(objectname)%00%(upstream:track)%00%(upstream:remotename)%00%(upstream:remoteref) refs/heads/main refs/remotes/main [3ms]
2025-03-19 13:15:05.227 [warning] [Git][getBranch] No such branch: main
2025-03-19 13:15:05.241 [info] > git for-each-ref --sort -committerdate --format %(refname) %(objectname) %(*objectname) [2ms]
2025-03-19 13:15:05.255 [info] > git status -z -uall [23ms]
2025-03-19 13:15:10.293 [info] [Git][getRemotes] No remotes found in the git config file
2025-03-19 13:15:10.295 [info] > git config --get commit.template [8ms]
2025-03-19 13:15:10.296 [info] > git for-each-ref --format=%(refname)%00%(upstream:short)%00%(objectname)%00%(upstream:track)%00%(upstream:remotename)%00%(upstream:remoteref) refs/heads/main refs/remotes/main [3ms]
2025-03-19 13:15:10.296 [warning] [Git][getBranch] No such branch: main
2025-03-19 13:15:10.308 [info] > git for-each-ref --sort -committerdate --format %(refname) %(objectname) %(*objectname) [2ms]
2025-03-19 13:15:10.327 [info] > git status -z -uall [27ms]
2025-03-19 13:15:15.871 [info] [Git][getRemotes] No remotes found in the git config file
2025-03-19 13:15:15.872 [info] > git config --get commit.template [7ms]
2025-03-19 13:15:15.873 [info] > git for-each-ref --format=%(refname)%00%(upstream:short)%00%(objectname)%00%(upstream:track)%00%(upstream:remotename)%00%(upstream:remoteref) refs/heads/main refs/remotes/main [2ms]
2025-03-19 13:15:15.873 [warning] [Git][getBranch] No such branch: main
2025-03-19 13:15:15.884 [info] > git for-each-ref --sort -committerdate --format %(refname) %(objectname) %(*objectname) [2ms]
2025-03-19 13:15:15.901 [info] > git status -z -uall [24ms]
2025-03-19 13:15:20.934 [info] [Git][getRemotes] No remotes found in the git config file
2025-03-19 13:15:20.944 [info] > git config --get commit.template [10ms]
2025-03-19 13:15:20.947 [info] > git for-each-ref --format=%(refname)%00%(upstream:short)%00%(objectname)%00%(upstream:track)%00%(upstream:remotename)%00%(upstream:remoteref) refs/heads/main refs/remotes/main [4ms]
2025-03-19 13:15:20.947 [warning] [Git][getBranch] No such branch: main
2025-03-19 13:15:20.972 [info] > git for-each-ref --sort -committerdate --format %(refname) %(objectname) %(*objectname) [3ms]
2025-03-19 13:15:20.991 [info] > git status -z -uall [35ms]
2025-03-19 13:15:22.256 [info] > git ls-files --stage -- scripts_backup_project/scripts_backup_project [7ms]
2025-03-19 13:15:22.268 [info] > git cat-file -s 8cf845d03d8de2bffa479a3f4683e873e01891a7 [3ms]
2025-03-19 13:15:22.294 [info] > git show --textconv :scripts_backup_project/scripts_backup_project [6ms]
2025-03-19 13:15:26.060 [info] > git config --get commit.template [8ms]
2025-03-19 13:15:26.075 [info] [Git][getRemotes] No remotes found in the git config file
2025-03-19 13:15:26.077 [info] > git for-each-ref --format=%(refname)%00%(upstream:short)%00%(objectname)%00%(upstream:track)%00%(upstream:remotename)%00%(upstream:remoteref) refs/heads/main refs/remotes/main [3ms]
2025-03-19 13:15:26.077 [warning] [Git][getBranch] No such branch: main
2025-03-19 13:15:26.102 [info] > git for-each-ref --sort -committerdate --format %(refname) %(objectname) %(*objectname) [4ms]
2025-03-19 13:15:26.138 [info] > git status -z -uall [49ms]
2025-03-19 13:15:31.222 [info] [Git][getRemotes] No remotes found in the git config file
2025-03-19 13:15:31.223 [info] > git config --get commit.template [8ms]
2025-03-19 13:15:31.224 [info] > git for-each-ref --format=%(refname)%00%(upstream:short)%00%(objectname)%00%(upstream:track)%00%(upstream:remotename)%00%(upstream:remoteref) refs/heads/main refs/remotes/main [2ms]
2025-03-19 13:15:31.224 [warning] [Git][getBranch] No such branch: main
2025-03-19 13:15:31.239 [info] > git for-each-ref --sort -committerdate --format %(refname) %(objectname) %(*objectname) [3ms]
2025-03-19 13:15:31.253 [info] > git status -z -uall [24ms]
2025-03-19 13:15:36.311 [info] [Git][getRemotes] No remotes found in the git config file
2025-03-19 13:15:36.312 [info] > git config --get commit.template [10ms]
2025-03-19 13:15:36.313 [info] > git for-each-ref --format=%(refname)%00%(upstream:short)%00%(objectname)%00%(upstream:track)%00%(upstream:remotename)%00%(upstream:remoteref) refs/heads/main refs/remotes/main [3ms]
2025-03-19 13:15:36.313 [warning] [Git][getBranch] No such branch: main
2025-03-19 13:15:36.327 [info] > git for-each-ref --sort -committerdate --format %(refname) %(objectname) %(*objectname) [2ms]
2025-03-19 13:15:36.340 [info] > git status -z -uall [22ms]
2025-03-19 13:15:41.413 [info] [Git][getRemotes] No remotes found in the git config file
2025-03-19 13:15:41.414 [info] > git config --get commit.template [11ms]
2025-03-19 13:15:41.416 [info] > git for-each-ref --format=%(refname)%00%(upstream:short)%00%(objectname)%00%(upstream:track)%00%(upstream:remotename)%00%(upstream:remoteref) refs/heads/main refs/remotes/main [4ms]
2025-03-19 13:15:41.416 [warning] [Git][getBranch] No such branch: main
2025-03-19 13:15:41.437 [info] > git for-each-ref --sort -committerdate --format %(refname) %(objectname) %(*objectname) [3ms]
2025-03-19 13:15:41.466 [info] > git status -z -uall [42ms]
2025-03-19 13:15:47.119 [info] [Git][getRemotes] No remotes found in the git config file
2025-03-19 13:15:47.121 [info] > git config --get commit.template [9ms]
2025-03-19 13:15:47.122 [info] > git for-each-ref --format=%(refname)%00%(upstream:short)%00%(objectname)%00%(upstream:track)%00%(upstream:remotename)%00%(upstream:remoteref) refs/heads/main refs/remotes/main [3ms]
2025-03-19 13:15:47.123 [warning] [Git][getBranch] No such branch: main
2025-03-19 13:15:47.139 [info] > git for-each-ref --sort -committerdate --format %(refname) %(objectname) %(*objectname) [2ms]
2025-03-19 13:15:47.153 [info] > git status -z -uall [24ms]
2025-03-19 13:15:52.202 [info] [Git][getRemotes] No remotes found in the git config file
2025-03-19 13:15:52.203 [info] > git config --get commit.template [10ms]
2025-03-19 13:15:52.204 [info] > git for-each-ref --format=%(refname)%00%(upstream:short)%00%(objectname)%00%(upstream:track)%00%(upstream:remotename)%00%(upstream:remoteref) refs/heads/main refs/remotes/main [2ms]
2025-03-19 13:15:52.204 [warning] [Git][getBranch] No such branch: main
2025-03-19 13:15:52.220 [info] > git for-each-ref --sort -committerdate --format %(refname) %(objectname) %(*objectname) [2ms]
2025-03-19 13:15:52.233 [info] > git status -z -uall [23ms]
2025-03-19 13:15:57.298 [info] [Git][getRemotes] No remotes found in the git config file
2025-03-19 13:15:57.299 [info] > git config --get commit.template [12ms]
2025-03-19 13:15:57.300 [info] > git for-each-ref --format=%(refname)%00%(upstream:short)%00%(objectname)%00%(upstream:track)%00%(upstream:remotename)%00%(upstream:remoteref) refs/heads/main refs/remotes/main [3ms]
2025-03-19 13:15:57.300 [warning] [Git][getBranch] No such branch: main
2025-03-19 13:15:57.322 [info] > git for-each-ref --sort -committerdate --format %(refname) %(objectname) %(*objectname) [4ms]
2025-03-19 13:15:57.347 [info] > git status -z -uall [38ms]
2025-03-19 13:16:02.412 [info] [Git][getRemotes] No remotes found in the git config file
2025-03-19 13:16:02.422 [info] > git config --get commit.template [11ms]
2025-03-19 13:16:02.422 [info] > git for-each-ref --format=%(refname)%00%(upstream:short)%00%(objectname)%00%(upstream:track)%00%(upstream:remotename)%00%(upstream:remoteref) refs/heads/main refs/remotes/main [3ms]
2025-03-19 13:16:02.423 [warning] [Git][getBranch] No such branch: main
2025-03-19 13:16:02.440 [info] > git for-each-ref --sort -committerdate --format %(refname) %(objectname) %(*objectname) [4ms]
2025-03-19 13:16:02.456 [info] > git status -z -uall [25ms]
2025-03-19 13:16:07.503 [info] [Git][getRemotes] No remotes found in the git config file
2025-03-19 13:16:07.504 [info] > git config --get commit.template [11ms]
2025-03-19 13:16:07.505 [info] > git for-each-ref --format=%(refname)%00%(upstream:short)%00%(objectname)%00%(upstream:track)%00%(upstream:remotename)%00%(upstream:remoteref) refs/heads/main refs/remotes/main [3ms]
2025-03-19 13:16:07.505 [warning] [Git][getBranch] No such branch: main
2025-03-19 13:16:07.520 [info] > git for-each-ref --sort -committerdate --format %(refname) %(objectname) %(*objectname) [2ms]
2025-03-19 13:16:07.534 [info] > git status -z -uall [23ms]
2025-03-19 13:16:14.248 [info] [Git][getRemotes] No remotes found in the git config file
2025-03-19 13:16:14.250 [info] > git config --get commit.template [7ms]
2025-03-19 13:16:14.250 [info] > git for-each-ref --format=%(refname)%00%(upstream:short)%00%(objectname)%00%(upstream:track)%00%(upstream:remotename)%00%(upstream:remoteref) refs/heads/main refs/remotes/main [2ms]
2025-03-19 13:16:14.251 [warning] [Git][getBranch] No such branch: main
2025-03-19 13:16:14.264 [info] > git for-each-ref --sort -committerdate --format %(refname) %(objectname) %(*objectname) [3ms]
2025-03-19 13:16:14.276 [info] > git status -z -uall [21ms]
2025-03-19 13:16:19.929 [info] [Git][getRemotes] No remotes found in the git config file
2025-03-19 13:16:19.931 [info] > git config --get commit.template [8ms]
2025-03-19 13:16:19.931 [info] > git for-each-ref --format=%(refname)%00%(upstream:short)%00%(objectname)%00%(upstream:track)%00%(upstream:remotename)%00%(upstream:remoteref) refs/heads/main refs/remotes/main [2ms]
2025-03-19 13:16:19.932 [warning] [Git][getBranch] No such branch: main
2025-03-19 13:16:19.947 [info] > git for-each-ref --sort -committerdate --format %(refname) %(objectname) %(*objectname) [3ms]
2025-03-19 13:16:19.958 [info] > git status -z -uall [21ms]
2025-03-19 13:16:26.846 [info] [Git][getRemotes] No remotes found in the git config file
2025-03-19 13:16:26.854 [info] > git config --get commit.template [9ms]
2025-03-19 13:16:26.855 [info] > git for-each-ref --format=%(refname)%00%(upstream:short)%00%(objectname)%00%(upstream:track)%00%(upstream:remotename)%00%(upstream:remoteref) refs/heads/main refs/remotes/main [2ms]
2025-03-19 13:16:26.856 [warning] [Git][getBranch] No such branch: main
2025-03-19 13:16:26.871 [info] > git for-each-ref --sort -committerdate --format %(refname) %(objectname) %(*objectname) [2ms]
2025-03-19 13:16:26.884 [info] > git status -z -uall [23ms]
